app/build/outputs/logs/manifest-merger-debug-report.txt
-- Merging decision tree log ---
manifest
ADDED from src/main/AndroidManifest.xml:2:1-76:12
	package
		ADDED from src/main/AndroidManifest.xml:3:5-41
		INJECTED from src/main/AndroidManifest.xml
		INJECTED from src/main/AndroidManifest.xml
	android:versionName
		ADDED from src/main/AndroidManifest.xml:5:5-30
		INJECTED from src/main/AndroidManifest.xml
		INJECTED from src/main/AndroidManifest.xml
	android:versionCode
		ADDED from src/main/AndroidManifest.xml:4:5-28
		INJECTED from src/main/AndroidManifest.xml
		INJECTED from src/main/AndroidManifest.xml
	xmlns:android
		ADDED from src/main/AndroidManifest.xml:2:11-69
uses-sdk
ADDED from src/main/AndroidManifest.xml:7:5-9:41
	android:targetSdkVersion
		ADDED from src/main/AndroidManifest.xml:9:9-38
		INJECTED from src/main/AndroidManifest.xml
		INJECTED from src/main/AndroidManifest.xml
	android:minSdkVersion
		ADDED from src/main/AndroidManifest.xml:8:9-35
		INJECTED from src/main/AndroidManifest.xml
		INJECTED from src/main/AndroidManifest.xml
android:uses-permission#android.permission.WRITE_EXTERNAL_STORAGE
ADDED from src/main/AndroidManifest.xml:11:5-13:38
	android:maxSdkVersion
		ADDED from src/main/AndroidManifest.xml:13:9-35
	android:name
		ADDED from src/main/AndroidManifest.xml:12:9-65
android:uses-permission#android.permission.READ_PHONE_STATE
ADDED from src/main/AndroidManifest.xml:14:5-83
	android:name
		ADDED from src/main/AndroidManifest.xml:14:30-80
android:uses-permission#android.permission.READ_EXTERNAL_STORAGE
ADDED from src/main/AndroidManifest.xml:15:5-17:38
	android:maxSdkVersion
		ADDED from src/main/AndroidManifest.xml:17:9-35
	android:name
		ADDED from src/main/AndroidManifest.xml:16:9-64
uses-permission#android.permission.WAKE_LOCK
ADDED from src/main/AndroidManifest.xml:19:5-68
	android:name
		ADDED from src/main/AndroidManifest.xml:19:22-65
application
ADDED from src/main/AndroidManifest.xml:21:5-74:19
	android:label
		ADDED from src/main/AndroidManifest.xml:23:9-41
	android:icon
		ADDED from src/main/AndroidManifest.xml:22:9-45
activity#com.phpinheiro.salmodiario.SplashScreen
ADDED from src/main/AndroidManifest.xml:24:9-32:20
	android:theme
		ADDED from src/main/AndroidManifest.xml:26:13-60
	android:name
		ADDED from src/main/AndroidManifest.xml:25:13-41
intent-filter#android.intent.action.MAIN+android.intent.category.LAUNCHER
ADDED from src/main/AndroidManifest.xml:27:13-31:29
action#android.intent.action.MAIN
ADDED from src/main/AndroidManifest.xml:28:17-69
	android:name
		ADDED from src/main/AndroidManifest.xml:28:25-66
category#android.intent.category.LAUNCHER
ADDED from src/main/AndroidManifest.xml:30:17-77
	android:name
		ADDED from src/main/AndroidManifest.xml:30:27-74
activity#com.phpinheiro.salmodiario.MainActivity
ADDED from src/main/AndroidManifest.xml:33:9-36:20
	android:theme
		ADDED from src/main/AndroidManifest.xml:35:13-60
	android:name
		ADDED from src/main/AndroidManifest.xml:34:13-41
activity#com.phpinheiro.salmodiario.BuscarActivity
ADDED from src/main/AndroidManifest.xml:37:9-41:20
	android:label
		ADDED from src/main/AndroidManifest.xml:39:13-58
	android:theme
		ADDED from src/main/AndroidManifest.xml:40:13-60
	android:name
		ADDED from src/main/AndroidManifest.xml:38:13-43
activity#com.phpinheiro.salmodiario.SobreActivity
ADDED from src/main/AndroidManifest.xml:42:9-46:20
	android:label
		ADDED from src/main/AndroidManifest.xml:44:13-57
	android:theme
		ADDED from src/main/AndroidManifest.xml:45:13-60
	android:name
		ADDED from src/main/AndroidManifest.xml:43:13-42
service#com.phpinheiro.salmodiario.NotificationService
ADDED from src/main/AndroidManifest.xml:48:9-51:39
	android:enabled
		ADDED from src/main/AndroidManifest.xml:50:13-35
	android:exported
		ADDED from src/main/AndroidManifest.xml:51:13-36
	android:name
		ADDED from src/main/AndroidManifest.xml:49:13-48
receiver#com.phpinheiro.salmodiario.AlarmReceiver
ADDED from src/main/AndroidManifest.xml:53:9-57:20
	android:enabled
		ADDED from src/main/AndroidManifest.xml:55:13-35
	android:exported
		ADDED from src/main/AndroidManifest.xml:56:13-36
	android:name
		ADDED from src/main/AndroidManifest.xml:54:13-42
service#com.phpinheiro.salmodiario.NotificarService
ADDED from src/main/AndroidManifest.xml:59:9-63:19
	android:enabled
		ADDED from src/main/AndroidManifest.xml:61:13-35
	android:exported
		ADDED from src/main/AndroidManifest.xml:62:13-36
	android:name
		ADDED from src/main/AndroidManifest.xml:60:13-45
service#com.phpinheiro.salmodiario.AlarmService
ADDED from src/main/AndroidManifest.xml:64:9-68:19
	android:enabled
		ADDED from src/main/AndroidManifest.xml:66:13-35
	android:exported
		ADDED from src/main/AndroidManifest.xml:67:13-36
	android:name
		ADDED from src/main/AndroidManifest.xml:65:13-41
activity#com.phpinheiro.salmodiario.MainActivity2
ADDED from src/main/AndroidManifest.xml:70:9-73:20
	android:label
		ADDED from src/main/AndroidManifest.xml:72:13-66
	android:name
		ADDED from src/main/AndroidManifest.xml:71:13-42